{
  "RSpec": {
    "coverage": {
      "/Users/hashgari/Turing/mod_2/projects/adopt_dont_shop_solo/config/environment.rb": {
        "lines": [
          null,
          1,
          null,
          null,
          1
        ]
      },
      "/Users/hashgari/Turing/mod_2/projects/adopt_dont_shop_solo/config/application.rb": {
        "lines": [
          1,
          null,
          1,
          null,
          1,
          1,
          1,
          1,
          1,
          1,
          1,
          1,
          1,
          null,
          null,
          null,
          null,
          1,
          null,
          1,
          1,
          null,
          1,
          null,
          null,
          null,
          null,
          null,
          null,
          null,
          1,
          null,
          null
        ]
      },
      "/Users/hashgari/Turing/mod_2/projects/adopt_dont_shop_solo/config/boot.rb": {
        "lines": [
          1,
          null,
          1,
          1
        ]
      },
      "/Users/hashgari/Turing/mod_2/projects/adopt_dont_shop_solo/config/environments/test.rb": {
        "lines": [
          1,
          null,
          null,
          null,
          null,
          null,
          null,
          1,
          null,
          null,
          null,
          null,
          1,
          null,
          null,
          1,
          1,
          null,
          null,
          null,
          null,
          1,
          1,
          null,
          null,
          1,
          null,
          null,
          1,
          null,
          null,
          1,
          null,
          1,
          null,
          null,
          null,
          null,
          1,
          null,
          null,
          1,
          null,
          null,
          null,
          null
        ]
      },
      "/Users/hashgari/Turing/mod_2/projects/adopt_dont_shop_solo/config/initializers/application_controller_renderer.rb": {
        "lines": [
          null,
          null,
          null,
          null,
          null,
          null,
          null,
          null
        ]
      },
      "/Users/hashgari/Turing/mod_2/projects/adopt_dont_shop_solo/config/initializers/assets.rb": {
        "lines": [
          null,
          null,
          null,
          1,
          null,
          null,
          null,
          null,
          1,
          null,
          null,
          null,
          null,
          null
        ]
      },
      "/Users/hashgari/Turing/mod_2/projects/adopt_dont_shop_solo/config/initializers/backtrace_silencers.rb": {
        "lines": [
          null,
          null,
          null,
          null,
          null,
          null,
          null
        ]
      },
      "/Users/hashgari/Turing/mod_2/projects/adopt_dont_shop_solo/config/initializers/content_security_policy.rb": {
        "lines": [
          null,
          null,
          null,
          null,
          null,
          null,
          null,
          null,
          null,
          null,
          null,
          null,
          null,
          null,
          null,
          null,
          null,
          null,
          null,
          null,
          null,
          null,
          null,
          null,
          null
        ]
      },
      "/Users/hashgari/Turing/mod_2/projects/adopt_dont_shop_solo/config/initializers/cookies_serializer.rb": {
        "lines": [
          null,
          null,
          null,
          null,
          1
        ]
      },
      "/Users/hashgari/Turing/mod_2/projects/adopt_dont_shop_solo/config/initializers/filter_parameter_logging.rb": {
        "lines": [
          null,
          null,
          null,
          1
        ]
      },
      "/Users/hashgari/Turing/mod_2/projects/adopt_dont_shop_solo/config/initializers/inflections.rb": {
        "lines": [
          null,
          null,
          null,
          null,
          null,
          null,
          null,
          null,
          null,
          null,
          null,
          null,
          null,
          null,
          null,
          null
        ]
      },
      "/Users/hashgari/Turing/mod_2/projects/adopt_dont_shop_solo/config/initializers/mime_types.rb": {
        "lines": [
          null,
          null,
          null,
          null
        ]
      },
      "/Users/hashgari/Turing/mod_2/projects/adopt_dont_shop_solo/config/initializers/wrap_parameters.rb": {
        "lines": [
          null,
          null,
          null,
          null,
          null,
          null,
          1,
          2,
          null,
          null,
          null,
          null,
          null,
          null
        ]
      },
      "/Users/hashgari/Turing/mod_2/projects/adopt_dont_shop_solo/config/routes.rb": {
        "lines": [
          1,
          null,
          1,
          1,
          1,
          1,
          1,
          1,
          1,
          1,
          1,
          1,
          1,
          1,
          1,
          1,
          1,
          1,
          null
        ]
      },
      "/Users/hashgari/Turing/mod_2/projects/adopt_dont_shop_solo/app/helpers/application_helper.rb": {
        "lines": [
          1,
          null
        ]
      },
      "/Users/hashgari/Turing/mod_2/projects/adopt_dont_shop_solo/spec/features/pets/index_spec.rb": {
        "lines": [
          null,
          null,
          1,
          null,
          1,
          1,
          1,
          null,
          null,
          null,
          null,
          null,
          1,
          null,
          null,
          null,
          null,
          null,
          null,
          1,
          null,
          null,
          null,
          null,
          null,
          1,
          null,
          null,
          null,
          null,
          null,
          1,
          null,
          1,
          1,
          1,
          1,
          1,
          1,
          1,
          1,
          1,
          1,
          null,
          null,
          null,
          1,
          1,
          null,
          null,
          null,
          null,
          null,
          1,
          null,
          null,
          null,
          null,
          null,
          1,
          1,
          null,
          1,
          1,
          1,
          null,
          null,
          1,
          1,
          null,
          null,
          null,
          null,
          null,
          1,
          null,
          null,
          null,
          null,
          null,
          1,
          1,
          1,
          null,
          null,
          null,
          null
        ]
      },
      "/Users/hashgari/Turing/mod_2/projects/adopt_dont_shop_solo/spec/features/pets/new_spec.rb": {
        "lines": [
          null,
          null,
          1,
          null,
          1,
          null,
          1,
          1,
          null,
          null,
          null,
          null,
          null,
          null,
          1,
          null,
          1,
          1,
          1,
          1,
          1,
          null,
          1,
          null,
          1,
          1,
          1,
          1,
          null,
          null,
          null
        ]
      },
      "/Users/hashgari/Turing/mod_2/projects/adopt_dont_shop_solo/spec/features/pets/show_spec.rb": {
        "lines": [
          null,
          null,
          1,
          null,
          1,
          1,
          null,
          null,
          null,
          null,
          null,
          null,
          1,
          null,
          null,
          null,
          null,
          null,
          1,
          null,
          1,
          1,
          1,
          1,
          1,
          1,
          null,
          null,
          null
        ]
      },
      "/Users/hashgari/Turing/mod_2/projects/adopt_dont_shop_solo/spec/features/shelters/edit_spec.rb": {
        "lines": [
          null,
          null,
          1,
          null,
          1,
          1,
          1,
          null,
          null,
          null,
          null,
          null,
          null,
          1,
          null,
          1,
          1,
          1,
          1,
          1,
          null,
          1,
          null,
          1,
          1,
          1,
          1,
          1,
          1,
          null,
          null
        ]
      },
      "/Users/hashgari/Turing/mod_2/projects/adopt_dont_shop_solo/spec/features/shelters/index_spec.rb": {
        "lines": [
          null,
          null,
          1,
          null,
          1,
          1,
          1,
          null,
          null,
          null,
          null,
          null,
          1,
          null,
          null,
          null,
          null,
          null,
          1,
          null,
          1,
          1,
          null,
          null,
          1,
          1,
          null,
          null,
          null,
          null,
          null,
          1,
          null,
          1,
          1,
          1,
          null,
          null
        ]
      },
      "/Users/hashgari/Turing/mod_2/projects/adopt_dont_shop_solo/spec/features/shelters/new_spec.rb": {
        "lines": [
          null,
          null,
          1,
          null,
          1,
          null,
          1,
          1,
          null,
          1,
          1,
          1,
          1,
          1,
          null,
          1,
          null,
          1,
          1,
          null,
          null
        ]
      },
      "/Users/hashgari/Turing/mod_2/projects/adopt_dont_shop_solo/spec/features/shelters/show_pets_spec.rb": {
        "lines": [
          null,
          null,
          1,
          null,
          1,
          null,
          1,
          1,
          null,
          null,
          null,
          null,
          null,
          1,
          null,
          null,
          null,
          null,
          null,
          null,
          null,
          1,
          null,
          null,
          null,
          null,
          null,
          null,
          null,
          1,
          null,
          1,
          1,
          1,
          1,
          null,
          1,
          1,
          1,
          null,
          null,
          1,
          1,
          null,
          null,
          null,
          null,
          null,
          1,
          null,
          1,
          null,
          null
        ]
      },
      "/Users/hashgari/Turing/mod_2/projects/adopt_dont_shop_solo/spec/features/shelters/show_spec.rb": {
        "lines": [
          null,
          null,
          1,
          null,
          1,
          null,
          1,
          1,
          null,
          null,
          null,
          null,
          null,
          1,
          null,
          1,
          1,
          1,
          1,
          1,
          null,
          null,
          1,
          1,
          null,
          null,
          null,
          null,
          null,
          1,
          null,
          1,
          1,
          1,
          null,
          null,
          1,
          1,
          null,
          null,
          null,
          null,
          null,
          1,
          1,
          null,
          1,
          null,
          1,
          null,
          null
        ]
      },
      "/Users/hashgari/Turing/mod_2/projects/adopt_dont_shop_solo/spec/models/pet_spec.rb": {
        "lines": [
          null,
          null,
          1,
          null,
          1,
          null,
          1,
          2,
          null,
          null,
          null
        ]
      },
      "/Users/hashgari/Turing/mod_2/projects/adopt_dont_shop_solo/app/models/pet.rb": {
        "lines": [
          1,
          1,
          null
        ]
      },
      "/Users/hashgari/Turing/mod_2/projects/adopt_dont_shop_solo/app/models/application_record.rb": {
        "lines": [
          1,
          1,
          null
        ]
      },
      "/Users/hashgari/Turing/mod_2/projects/adopt_dont_shop_solo/spec/models/shelter_spec.rb": {
        "lines": [
          null,
          null,
          1,
          null,
          1,
          null,
          1,
          2,
          null,
          null,
          1,
          2,
          null,
          null,
          null
        ]
      },
      "/Users/hashgari/Turing/mod_2/projects/adopt_dont_shop_solo/app/models/shelter.rb": {
        "lines": [
          1,
          1,
          1,
          null
        ]
      },
      "/Users/hashgari/Turing/mod_2/projects/adopt_dont_shop_solo/app/controllers/pets_controller.rb": {
        "lines": [
          1,
          1,
          4,
          4,
          null,
          null,
          1,
          2,
          null,
          null,
          1,
          1,
          null,
          null,
          1,
          1,
          1,
          1,
          null,
          null,
          1,
          1,
          null,
          null,
          1,
          1,
          1,
          1,
          null,
          null,
          1,
          1,
          1,
          null,
          null,
          1,
          1,
          2,
          null,
          null,
          null,
          null,
          null,
          null,
          null
        ]
      },
      "/Users/hashgari/Turing/mod_2/projects/adopt_dont_shop_solo/app/controllers/application_controller.rb": {
        "lines": [
          1,
          null
        ]
      },
      "/Users/hashgari/Turing/mod_2/projects/adopt_dont_shop_solo/app/controllers/shelters_controller.rb": {
        "lines": [
          1,
          1,
          4,
          null,
          null,
          1,
          4,
          null,
          null,
          1,
          3,
          3,
          null,
          null,
          1,
          null,
          null,
          1,
          1,
          1,
          null,
          null,
          1,
          2,
          null,
          null,
          1,
          1,
          1,
          1,
          null,
          null,
          1,
          1,
          1,
          null,
          null,
          1,
          1,
          2,
          null,
          null
        ]
      }
    },
    "timestamp": 1598043988
  }
}
